2025-08-03 19:03:39,293 INFO [__main__] Launching StudentRegisterApp
2025-08-03 19:03:39,294 DEBUG [__main__] Data file exists: p:\SchoolCanteen\students.csv
2025-08-03 19:27:27,042 INFO [__main__] Launching StudentRegisterApp
2025-08-03 19:27:27,044 DEBUG [__main__] Data file exists: p:\SchoolCanteen\students.csv
2025-08-03 19:29:29,259 INFO [__main__] Launching StudentRegisterApp
2025-08-03 19:29:29,260 DEBUG [__main__] Data file exists: p:\SchoolCanteen\students.csv
2025-08-03 19:34:23,761 INFO [__main__] Launching StudentRegisterApp
2025-08-03 19:34:23,761 DEBUG [__main__] Data file exists: p:\SchoolCanteen\students.csv
2025-08-03 19:34:26,628 INFO [__main__] Launching StudentRegisterApp
2025-08-03 19:34:26,628 DEBUG [__main__] Data file exists: p:\SchoolCanteen\students.csv
2025-08-03 19:37:00,885 INFO [__main__] Launching StudentRegisterApp
2025-08-03 19:37:00,886 DEBUG [__main__] Data file exists: p:\SchoolCanteen\students.csv
2025-08-03 19:37:11,214 INFO [__main__] Launching StudentRegisterApp
2025-08-03 19:37:11,215 DEBUG [__main__] Data file exists: p:\SchoolCanteen\students.csv
2025-08-03 19:37:26,244 INFO [__main__] Launching StudentRegisterApp
2025-08-03 19:37:26,244 DEBUG [__main__] Data file exists: p:\SchoolCanteen\students.csv
2025-08-03 19:41:17,839 INFO [__main__] Launching SCMSClient
2025-08-03 19:42:28,527 INFO [__main__] Launching SCMSClient
2025-08-03 19:42:34,031 INFO [__main__] Launching SCMSClient
2025-08-05 21:58:33,360 INFO [__main__] Launching SCMSClient
2025-08-05 21:59:57,629 INFO [__main__] Launching StudentRegisterApp
2025-08-05 21:59:57,631 DEBUG [__main__] Data file exists: p:\SchoolCanteen\students.csv
2025-08-05 22:00:05,497 INFO [__main__] Launching SCMSClient
2025-08-05 22:00:11,572 INFO [__main__] Menu loaded and UI updated
2025-08-05 22:00:21,314 DEBUG [__main__] Price updated: $0.00
2025-08-05 22:00:21,684 DEBUG [__main__] Price updated: $0.00
2025-08-05 22:00:24,088 DEBUG [__main__] Price updated: $0.00
2025-08-05 22:00:24,508 DEBUG [__main__] Price updated: $0.00
2025-08-05 22:00:32,042 DEBUG [__main__] Price updated: $0.00
2025-08-05 22:00:32,321 DEBUG [__main__] Price updated: $0.00
2025-08-05 22:00:32,641 DEBUG [__main__] Price updated: $0.00
2025-08-05 22:00:37,303 DEBUG [__main__] Price updated: $0.00
2025-08-05 22:00:39,116 DEBUG [__main__] Price updated: $0.00
2025-08-05 22:00:41,150 DEBUG [__main__] Price updated: $0.00
2025-08-05 22:00:42,638 INFO [__main__] Order saved for meals [2] with soup=1
2025-08-05 22:00:42,708 INFO [__main__] UI reset to login state
2025-08-05 22:03:16,380 INFO [__main__] Launching SCMSClient
2025-08-05 22:03:23,767 INFO [__main__] Menu loaded and UI updated
2025-08-05 22:03:31,759 DEBUG [__main__] Price updated: $0.00
2025-08-05 22:04:08,226 INFO [__main__] Launching SCMSClient
2025-08-05 22:04:14,342 INFO [__main__] Menu loaded and UI updated
2025-08-05 22:04:15,795 DEBUG [__main__] Price updated: $31.00
2025-08-05 22:04:19,009 DEBUG [__main__] Price updated: $20.00
2025-08-05 22:04:21,223 DEBUG [__main__] Price updated: $31.00
2025-08-05 22:04:23,403 DEBUG [__main__] Price updated: $20.00
2025-08-05 22:04:28,015 DEBUG [__main__] Price updated: $31.00
2025-08-05 22:04:28,346 DEBUG [__main__] Price updated: $0.00
2025-08-05 22:04:29,496 DEBUG [__main__] Price updated: $31.00
2025-08-05 22:04:32,400 DEBUG [__main__] Price updated: $20.00
2025-08-05 22:04:33,431 DEBUG [__main__] Price updated: $30.00
2025-08-05 22:04:34,547 DEBUG [__main__] Price updated: $40.00
2025-08-05 22:04:35,132 DEBUG [__main__] Price updated: $30.00
2025-08-05 22:04:35,476 DEBUG [__main__] Price updated: $20.00
2025-08-05 22:04:35,868 DEBUG [__main__] Price updated: $31.00
2025-08-05 22:04:36,384 DEBUG [__main__] Price updated: $0.00
2025-08-05 22:09:21,622 INFO [__main__] Launching SCMSClient
2025-08-05 22:09:27,087 INFO [__main__] Menu loaded and UI updated
2025-08-05 22:09:29,180 DEBUG [__main__] Price updated: $31.00
2025-08-05 22:09:31,603 DEBUG [__main__] Price updated: $31.00
2025-08-05 22:09:33,006 DEBUG [__main__] Price updated: $41.00
2025-08-05 22:09:36,626 DEBUG [__main__] Price updated: $92.00
2025-08-05 22:09:39,691 DEBUG [__main__] Price updated: $92.00
2025-08-05 22:09:45,081 DEBUG [__main__] Price updated: $82.00
2025-08-05 22:10:24,433 INFO [__main__] Launching SCMSClient
2025-08-05 22:10:31,182 INFO [__main__] Menu loaded and UI updated
2025-08-05 22:10:33,912 DEBUG [__main__] Price updated: $20.00
2025-08-05 22:10:37,278 DEBUG [__main__] Price updated: $20.00
2025-08-05 22:10:53,907 INFO [__main__] Launching SCMSClient
2025-08-05 22:10:58,826 INFO [__main__] Menu loaded and UI updated
2025-08-05 22:11:01,386 DEBUG [__main__] Price updated: $20.00
2025-08-05 22:11:08,711 INFO [__main__] Launching SCMSClient
2025-08-05 22:11:15,657 INFO [__main__] Menu loaded and UI updated
2025-08-05 22:11:17,786 DEBUG [__main__] Price updated: $82.00
2025-08-05 22:14:26,488 INFO [__main__] Launching SCMSClient
2025-08-05 22:14:31,121 INFO [__main__] Menu loaded and UI updated
2025-08-05 22:14:33,118 DEBUG [__main__] Price updated: $51.00
2025-08-05 22:14:36,682 DEBUG [__main__] Price updated: $61.00
2025-08-05 22:14:37,094 DEBUG [__main__] Price updated: $51.00
2025-08-05 22:14:40,549 DEBUG [__main__] Price updated: $31.00
2025-08-05 22:14:42,478 DEBUG [__main__] Price updated: $31.00
2025-08-05 22:14:44,839 DEBUG [__main__] Price updated: $51.00
2025-08-05 22:15:28,842 INFO [__main__] Launching SCMSClient
2025-08-05 22:15:33,864 INFO [__main__] Menu loaded and UI updated
2025-08-05 22:15:36,148 DEBUG [__main__] Price updated: $41.00
2025-08-05 22:15:38,204 DEBUG [__main__] Price updated: $51.00
2025-08-05 22:15:41,400 INFO [__main__] Order saved for meals [1, 3] with soup=1
2025-08-05 22:15:41,454 INFO [__main__] UI reset to login state
